<?xml version="1.0" encoding="UTF-8"?><testrun name="Outline (1)" project="CucumberFramework" tests="14" started="14" failures="2" errors="4" ignored="2">
  <testsuite name="cucumberTest.Outline" time="0.048">
    <testsuite name="Feature: outline" time="0.048">
      <testsuite name="Scenario Outline: Login functionality for a social networking site." time="0.011">
        <testsuite name="Examples:" time="0.011">
          <testsuite name="| admin | admin@123 |" time="0.001" incomplete="true">
            <error>java.lang.NullPointerException&#13;
	at stepDefinition.OutlineTest.I_enter_Username_as_and_Password_as(OutlineTest.java:23)&#13;
	at ✽.When I enter Username as "admin" and Password as "admin@123"(Feature/Outline.feature:5)&#13;
&#13;
</error>
            <testcase name="When I enter Username as &quot;admin&quot; and Password as &quot;admin@123&quot;" classname="| admin | admin@123 |" time="0.001">
              <error>java.lang.NullPointerException&#13;
	at stepDefinition.OutlineTest.I_enter_Username_as_and_Password_as(OutlineTest.java:23)&#13;
	at ✽.When I enter Username as "admin" and Password as "admin@123"(Feature/Outline.feature:5)&#13;
&#13;
</error>
            </testcase>
            <testcase name="Then login should be unsuccessful" classname="| admin | admin@123 |" time="0.0" ignored="true"/>
          </testsuite>
          <testsuite name="| admin | admin |" time="0.0" incomplete="true">
            <error>java.lang.NullPointerException&#13;
	at stepDefinition.OutlineTest.I_enter_Username_as_and_Password_as(OutlineTest.java:23)&#13;
	at ✽.When I enter Username as "admin" and Password as "admin"(Feature/Outline.feature:5)&#13;
&#13;
</error>
            <testcase name="When I enter Username as &quot;admin&quot; and Password as &quot;admin&quot;" classname="| admin | admin |" time="0.0">
              <error>java.lang.NullPointerException&#13;
	at stepDefinition.OutlineTest.I_enter_Username_as_and_Password_as(OutlineTest.java:23)&#13;
	at ✽.When I enter Username as "admin" and Password as "admin"(Feature/Outline.feature:5)&#13;
&#13;
</error>
            </testcase>
            <testcase name="Then login should be unsuccessful" classname="| admin | admin |" time="0.0" ignored="true"/>
          </testsuite>
        </testsuite>
      </testsuite>
      <testsuite name="Scenario Outline: Addition functionality ." time="0.026">
        <testsuite name="Examples:" time="0.026">
          <testsuite name="| 2 | 3 | 5 |" time="0.0">
            <testcase name="When I user adds numbers 2 and 3" classname="| 2 | 3 | 5 |" time="0.0"/>
            <testcase name="Then result 5 should be printed" classname="| 2 | 3 | 5 |" time="0.0"/>
          </testsuite>
          <testsuite name="| 1 | 1 | 3 |" time="0.0" incomplete="true">
            <failure>java.lang.AssertionError: expected:&lt;3&gt; but was:&lt;2&gt;&#13;
	at org.junit.Assert.fail(Assert.java:88)&#13;
	at org.junit.Assert.failNotEquals(Assert.java:834)&#13;
	at org.junit.Assert.assertEquals(Assert.java:645)&#13;
	at org.junit.Assert.assertEquals(Assert.java:631)&#13;
	at stepDefinition.OutlineTest.result_should_be_printed(OutlineTest.java:54)&#13;
	at ✽.Then result 3 should be printed(Feature/Outline.feature:17)&#13;
&#13;
</failure>
            <testcase name="When I user adds numbers 1 and 1" classname="| 1 | 1 | 3 |" time="0.0"/>
            <testcase name="Then result 3 should be printed" classname="| 1 | 1 | 3 |" time="0.0">
              <failure>java.lang.AssertionError: expected:&lt;3&gt; but was:&lt;2&gt;&#13;
	at org.junit.Assert.fail(Assert.java:88)&#13;
	at org.junit.Assert.failNotEquals(Assert.java:834)&#13;
	at org.junit.Assert.assertEquals(Assert.java:645)&#13;
	at org.junit.Assert.assertEquals(Assert.java:631)&#13;
	at stepDefinition.OutlineTest.result_should_be_printed(OutlineTest.java:54)&#13;
	at ✽.Then result 3 should be printed(Feature/Outline.feature:17)&#13;
&#13;
</failure>
            </testcase>
          </testsuite>
          <testsuite name="| 5 | 6 | 11 |" time="0.0">
            <testcase name="When I user adds numbers 5 and 6" classname="| 5 | 6 | 11 |" time="0.0"/>
            <testcase name="Then result 11 should be printed" classname="| 5 | 6 | 11 |" time="0.0"/>
          </testsuite>
          <testsuite name="| 1 | 1 | 2 |" time="0.0">
            <testcase name="When I user adds numbers 1 and 1" classname="| 1 | 1 | 2 |" time="0.0"/>
            <testcase name="Then result 2 should be printed" classname="| 1 | 1 | 2 |" time="0.0"/>
          </testsuite>
          <testsuite name="| 1 | 1 | 2 |" time="0.0">
            <testcase name="When I user adds numbers 1 and 1" classname="| 1 | 1 | 2 |" time="0.0"/>
            <testcase name="Then result 2 should be printed" classname="| 1 | 1 | 2 |" time="0.0"/>
          </testsuite>
        </testsuite>
      </testsuite>
    </testsuite>
  </testsuite>
</testrun>
