<?xml version="1.0" encoding="UTF-8"?>
<testng-results skipped="0" failed="0" ignored="0" total="1" passed="1">
  <reporter-output>
  </reporter-output>
  <suite name="Default suite" duration-ms="3032" started-at="2020-05-21T20:04:31 IST" finished-at="2020-05-21T20:04:34 IST">
    <groups>
    </groups>
    <test name="Default test" duration-ms="3032" started-at="2020-05-21T20:04:31 IST" finished-at="2020-05-21T20:04:34 IST">
      <class name="test.LoginWithPageFactory">
        <test-method status="PASS" signature="setup()[pri:0, instance:test.LoginWithPageFactory@61f8bee4]" name="setup" is-config="true" duration-ms="2621" started-at="2020-05-21T20:04:31 IST" finished-at="2020-05-21T20:04:33 IST">
          <reporter-output>
          </reporter-output>
        </test-method> <!-- setup -->
        <test-method status="PASS" signature="test_Home_Page_Appear_Correct()[pri:0, instance:test.LoginWithPageFactory@61f8bee4]" name="test_Home_Page_Appear_Correct" duration-ms="373" started-at="2020-05-21T20:04:34 IST" finished-at="2020-05-21T20:04:34 IST">
          <reporter-output>
          </reporter-output>
        </test-method> <!-- test_Home_Page_Appear_Correct -->
      </class> <!-- test.LoginWithPageFactory -->
    </test> <!-- Default test -->
  </suite> <!-- Default suite -->
</testng-results>
