<?xml version="1.0" encoding="UTF-8"?>
<testng-results skipped="0" failed="0" total="3" passed="3">
  <reporter-output>
  </reporter-output>
  <suite name="Default suite" duration-ms="78" started-at="2020-08-15T12:13:33Z" finished-at="2020-08-15T12:13:33Z">
    <groups>
    </groups>
    <test name="Default test" duration-ms="78" started-at="2020-08-15T12:13:33Z" finished-at="2020-08-15T12:13:33Z">
      <class name="maven.test.DemoTest">
        <test-method status="PASS" signature="testA()[pri:0, instance:maven.test.DemoTest@4d49af10]" name="testA" duration-ms="28" started-at="2020-08-15T17:43:33Z" finished-at="2020-08-15T17:43:33Z">
          <reporter-output>
          </reporter-output>
        </test-method> <!-- testA -->
        <test-method status="PASS" signature="testB()[pri:0, instance:maven.test.DemoTest@4d49af10]" name="testB" duration-ms="2" started-at="2020-08-15T17:43:33Z" finished-at="2020-08-15T17:43:33Z">
          <reporter-output>
          </reporter-output>
        </test-method> <!-- testB -->
        <test-method status="PASS" signature="testC()[pri:0, instance:maven.test.DemoTest@4d49af10]" name="testC" duration-ms="1" started-at="2020-08-15T17:43:33Z" finished-at="2020-08-15T17:43:33Z">
          <reporter-output>
          </reporter-output>
        </test-method> <!-- testC -->
      </class> <!-- maven.test.DemoTest -->
    </test> <!-- Default test -->
  </suite> <!-- Default suite -->
</testng-results>
