<?xml version="1.0" encoding="UTF-8"?>
<!-- Generated by org.testng.reporters.JUnitXMLReporter -->
<testsuite ignored="0" hostname="DESKTOP-N6P94DG" failures="0" tests="3" name="Default test" time="0.059" errors="0" timestamp="2020-10-12T21:34:45 IST">
  <testcase classname="tng.framework.TNG_15_Testsuite02" name="deleteVendor" time="0.007"/>
  <testcase classname="tng.framework.TNG_15_Testsuite02" name="deleteProduct" time="0.004"/>
  <testcase classname="tng.framework.TNG_15_Testsuite02" name="deleteCurrency" time="0.002"/>
</testsuite> <!-- Default test -->
