<?xml version="1.0" encoding="UTF-8"?>
<!-- Generated by org.testng.reporters.JUnitXMLReporter -->
<testsuite hostname="MOB700327" ignored="0" name="Default test" tests="3" failures="0" timestamp="2020-05-30T06:36:40 IST" time="60.167" errors="0">
  <testcase name="testCase1" time="20.028" classname="tng.framework.TNG_11_ParallelExecution_01"/>
  <testcase name="testCase2" time="20.021" classname="tng.framework.TNG_11_ParallelExecution_01"/>
  <testcase name="testCase3" time="20.02" classname="tng.framework.TNG_11_ParallelExecution_01"/>
</testsuite> <!-- Default test -->
