<?xml version="1.0" encoding="UTF-8"?>
<testng-results ignored="0" total="1" passed="1" failed="0" skipped="0">
  <reporter-output>
  </reporter-output>
  <suite started-at="2020-10-13T21:11:59 IST" name="Default suite" finished-at="2020-10-13T21:12:19 IST" duration-ms="19666">
    <groups>
    </groups>
    <test started-at="2020-10-13T21:11:59 IST" name="Default test" finished-at="2020-10-13T21:12:19 IST" duration-ms="19666">
      <class name="test.LoginTest">
        <test-method is-config="true" signature="setup()[pri:0, instance:test.LoginTest@6bf0219d]" started-at="2020-10-13T21:11:59 IST" name="setup" finished-at="2020-10-13T21:12:03 IST" duration-ms="4401" status="PASS">
          <reporter-output>
          </reporter-output>
        </test-method> <!-- setup -->
        <test-method signature="test_Home_Page_Appear_inCorrect()[pri:1, instance:test.LoginTest@6bf0219d]" started-at="2020-10-13T21:12:03 IST" name="test_Home_Page_Appear_inCorrect" finished-at="2020-10-13T21:12:18 IST" duration-ms="14334" status="PASS">
          <reporter-output>
          </reporter-output>
        </test-method> <!-- test_Home_Page_Appear_inCorrect -->
        <test-method is-config="true" signature="teardown()[pri:0, instance:test.LoginTest@6bf0219d]" started-at="2020-10-13T21:12:18 IST" name="teardown" finished-at="2020-10-13T21:12:19 IST" duration-ms="881" status="PASS">
          <reporter-output>
          </reporter-output>
        </test-method> <!-- teardown -->
      </class> <!-- test.LoginTest -->
    </test> <!-- Default test -->
  </suite> <!-- Default suite -->
</testng-results>
