<?xml version="1.0" encoding="UTF-8"?>
<!-- Generated by org.testng.reporters.JUnitXMLReporter -->
<testsuite hostname="MOB700327" ignored="0" name="Test" tests="6" failures="0" timestamp="2020-05-30T06:48:21 IST" time="0.159" errors="0">
  <testcase name="addVendor" time="0.028" classname="tng.framework.TNG_15_TestSuite01"/>
  <testcase name="addProduct" time="0.002" classname="tng.framework.TNG_15_TestSuite01"/>
  <testcase name="addCurrency" time="0.003" classname="tng.framework.TNG_15_TestSuite01"/>
  <testcase name="deleteVendor" time="0.002" classname="tng.framework.TNG_15_Testsuite02"/>
  <testcase name="deleteProduct" time="0.006" classname="tng.framework.TNG_15_Testsuite02"/>
  <testcase name="deleteCurrency" time="0.011" classname="tng.framework.TNG_15_Testsuite02"/>
</testsuite> <!-- Test -->
