<?xml version="1.0" encoding="UTF-8"?>
<!-- Generated by org.testng.reporters.JUnitXMLReporter -->
<testsuite hostname="MOB81221" ignored="0" name="Add Customer Test" tests="4" failures="0" timestamp="25 Mar 2019 15:17:21 GMT" time="13.705" errors="0">
  <testcase name="addCustomerTest" time="4.56" classname="com.w2a.testcases.AddCustomerTest"/>
  <testcase name="addCustomerTest" time="0.002" classname="com.w2a.testcases.AddCustomerTest">
    <skipped/>
  </testcase> <!-- addCustomerTest -->
  <testcase name="addCustomerTest" time="4.316" classname="com.w2a.testcases.AddCustomerTest"/>
  <testcase name="addCustomerTest" time="4.491" classname="com.w2a.testcases.AddCustomerTest"/>
</testsuite> <!-- Add Customer Test -->
