<?xml version="1.0" encoding="UTF-8"?>
<testsuite xmlns:xsi="http://www.w3.org/2001/XMLSchema-instance" xsi:noNamespaceSchemaLocation="https://maven.apache.org/surefire/maven-surefire-plugin/xsd/surefire-test-report.xsd" name="CucumberJunitJava.CucumberJunitJava.UserTestRunner" time="1.46" tests="19" errors="0" skipped="0" failures="0">
  <properties>
[...]
</properties>
  <testcase name="Given that the user x is given a task to clear Java certification exam" classname="Scenario: User is failed" time="0.001"/>
  <testcase name="Given that the user x is given a task to clear Java certification exam" classname="Scenario: User is failed" time="0"/>
  <testcase name="When x got 40 marks in exam" classname="Scenario: User is failed" time="0"/>
  <testcase name="When x got 40 marks in exam" classname="Scenario: User is failed" time="0"/>
  <testcase name="Then x is not known as Java certified" classname="Scenario: User is failed" time="0"/>
  <testcase name="Then x is not known as Java certified" classname="Scenario: User is failed" time="0.001"/>
  <testcase name="Scenario: User is failed" classname="Scenario: User is failed" time="0.001"/>
  <testcase name="Scenario: User is failed" classname="Scenario: User is failed" time="0.005"/>
  <testcase name="When User is ready to test" classname="Scenario: User is Passed" time="0"/>
  <testcase name="Given that the user Vinod is given a task to clear Java certification exam" classname="Scenario: User is Passed" time="0"/>
  <testcase name="When Vinod got 60 marks in exam" classname="Scenario: User is Passed" time="0"/>
  <testcase name="Then Vinod is known as Java certified" classname="Scenario: User is Passed" time="0.001"/>
  <testcase name="Scenario: User is Passed" classname="Scenario: User is Passed" time="0.001"/>
  <testcase name="When User is ready to test" classname="Scenario: User is Passed in certification" time="0"/>
  <testcase name="Given that the user Ashok is given a task to clear Java certification exam" classname="Scenario: User is Passed in certification" time="0"/>
  <testcase name="When Ashok got 80 marks in exam" classname="Scenario: User is Passed in certification" time="0"/>
  <testcase name="Then Ashok is known as Java certified" classname="Scenario: User is Passed in certification" time="0"/>
  <testcase name="Scenario: User is Passed in certification" classname="Scenario: User is Passed in certification" time="0"/>
  <testcase name="When User is ready to test" classname="Scenario: User is failed" time="0"/>
</testsuite>