<?xml version="1.0" encoding="UTF-8"?>
<!-- Generated by org.testng.reporters.JUnitXMLReporter -->
<testsuite hostname="MOB81221" name="Default test" tests="5" failures="0" timestamp="28 Dec 2017 09:49:49 GMT" time="0.041" errors="0">
  <testcase name="f2" time="0.015" classname="maven.test.TestNGTest"/>
  <testcase name="f1" time="0.0" classname="maven.test.MultipleTest"/>
  <testcase name="testA" time="0.0" classname="maven.test.DemoTest"/>
  <testcase name="testB" time="0.0" classname="maven.test.DemoTest"/>
  <testcase name="testC" time="0.0" classname="maven.test.DemoTest"/>
</testsuite> <!-- Default test -->
