<?xml version="1.0" encoding="UTF-8"?>
<testng-results skipped="0" failed="1" ignored="0" total="4" passed="3">
  <reporter-output>
  </reporter-output>
  <suite name="Default suite" duration-ms="96" started-at="2020-05-31T20:01:12 IST" finished-at="2020-05-31T20:01:12 IST">
    <groups>
    </groups>
    <test name="Default test" duration-ms="96" started-at="2020-05-31T20:01:12 IST" finished-at="2020-05-31T20:01:12 IST">
      <class name="tng.framework.TNG_04_Dependencies">
        <test-method status="PASS" signature="method1()[pri:0, instance:tng.framework.TNG_04_Dependencies@57855c9a]" name="method1" duration-ms="10" started-at="2020-05-31T20:01:12 IST" finished-at="2020-05-31T20:01:12 IST">
          <reporter-output>
          </reporter-output>
        </test-method> <!-- method1 -->
        <test-method status="FAIL" signature="method3()[pri:0, instance:tng.framework.TNG_04_Dependencies@57855c9a]" name="method3" duration-ms="3" started-at="2020-05-31T20:01:12 IST" finished-at="2020-05-31T20:01:12 IST">
          <exception class="java.lang.RuntimeException">
            <full-stacktrace>
              <![CDATA[java.lang.RuntimeException
at tng.framework.TNG_04_Dependencies.method3(TNG_04_Dependencies.java:51)
at sun.reflect.NativeMethodAccessorImpl.invoke0(Native Method)
at sun.reflect.NativeMethodAccessorImpl.invoke(Unknown Source)
at sun.reflect.DelegatingMethodAccessorImpl.invoke(Unknown Source)
at java.lang.reflect.Method.invoke(Unknown Source)
at org.testng.internal.MethodInvocationHelper.invokeMethod(MethodInvocationHelper.java:135)
at org.testng.internal.TestInvoker.invokeMethod(TestInvoker.java:598)
at org.testng.internal.TestInvoker.invokeTestMethod(TestInvoker.java:174)
at org.testng.internal.MethodRunner.runInSequence(MethodRunner.java:46)
at org.testng.internal.TestInvoker$MethodInvocationAgent.invoke(TestInvoker.java:821)
at org.testng.internal.TestInvoker.invokeTestMethods(TestInvoker.java:147)
at org.testng.internal.TestMethodWorker.invokeTestMethods(TestMethodWorker.java:146)
at org.testng.internal.TestMethodWorker.run(TestMethodWorker.java:128)
at java.util.ArrayList.forEach(Unknown Source)
at org.testng.TestRunner.privateRun(TestRunner.java:767)
at org.testng.TestRunner.run(TestRunner.java:588)
at org.testng.SuiteRunner.runTest(SuiteRunner.java:384)
at org.testng.SuiteRunner.runSequentially(SuiteRunner.java:378)
at org.testng.SuiteRunner.privateRun(SuiteRunner.java:337)
at org.testng.SuiteRunner.run(SuiteRunner.java:286)
at org.testng.SuiteRunnerWorker.runSuite(SuiteRunnerWorker.java:53)
at org.testng.SuiteRunnerWorker.run(SuiteRunnerWorker.java:96)
at org.testng.TestNG.runSuitesSequentially(TestNG.java:1214)
at org.testng.TestNG.runSuitesLocally(TestNG.java:1136)
at org.testng.TestNG.runSuites(TestNG.java:1066)
at org.testng.TestNG.run(TestNG.java:1034)
at org.testng.remote.AbstractRemoteTestNG.run(AbstractRemoteTestNG.java:115)
at org.testng.remote.RemoteTestNG.initAndRun(RemoteTestNG.java:251)
at org.testng.remote.RemoteTestNG.main(RemoteTestNG.java:77)
]]>
            </full-stacktrace>
          </exception> <!-- java.lang.RuntimeException -->
          <reporter-output>
          </reporter-output>
        </test-method> <!-- method3 -->
        <test-method status="PASS" signature="method2()[pri:0, instance:tng.framework.TNG_04_Dependencies@57855c9a]" name="method2" duration-ms="5" started-at="2020-05-31T20:01:12 IST" depends-on-methods="tng.framework.TNG_04_Dependencies.method1" finished-at="2020-05-31T20:01:12 IST">
          <reporter-output>
          </reporter-output>
        </test-method> <!-- method2 -->
        <test-method status="PASS" signature="method4()[pri:0, instance:tng.framework.TNG_04_Dependencies@57855c9a]" name="method4" duration-ms="1" started-at="2020-05-31T20:01:12 IST" depends-on-methods="tng.framework.TNG_04_Dependencies.method3" finished-at="2020-05-31T20:01:12 IST">
          <reporter-output>
          </reporter-output>
        </test-method> <!-- method4 -->
      </class> <!-- tng.framework.TNG_04_Dependencies -->
    </test> <!-- Default test -->
  </suite> <!-- Default suite -->
</testng-results>
