<?xml version="1.0" encoding="UTF-8"?>
<testng-results skipped="0" failed="0" ignored="0" total="6" passed="6">
  <reporter-output>
  </reporter-output>
  <suite name="Suite" duration-ms="159" started-at="2020-05-30T06:48:21 IST" finished-at="2020-05-30T06:48:21 IST">
    <groups>
    </groups>
    <test name="Test" duration-ms="159" started-at="2020-05-30T06:48:21 IST" finished-at="2020-05-30T06:48:21 IST">
      <class name="tng.framework.TNG_15_TestSuite01">
        <test-method status="PASS" signature="login()[pri:0, instance:tng.framework.TNG_15_TestSuite01@6737fd8f]" name="login" is-config="true" duration-ms="17" started-at="2020-05-30T06:48:21 IST" finished-at="2020-05-30T06:48:21 IST">
          <reporter-output>
          </reporter-output>
        </test-method> <!-- login -->
        <test-method status="PASS" signature="addVendor()[pri:1, instance:tng.framework.TNG_15_TestSuite01@6737fd8f]" name="addVendor" duration-ms="28" started-at="2020-05-30T06:48:21 IST" finished-at="2020-05-30T06:48:21 IST">
          <reporter-output>
          </reporter-output>
        </test-method> <!-- addVendor -->
        <test-method status="PASS" signature="addProduct()[pri:2, instance:tng.framework.TNG_15_TestSuite01@6737fd8f]" name="addProduct" duration-ms="2" started-at="2020-05-30T06:48:21 IST" finished-at="2020-05-30T06:48:21 IST">
          <reporter-output>
          </reporter-output>
        </test-method> <!-- addProduct -->
        <test-method status="PASS" signature="addCurrency()[pri:3, instance:tng.framework.TNG_15_TestSuite01@6737fd8f]" name="addCurrency" duration-ms="3" started-at="2020-05-30T06:48:21 IST" finished-at="2020-05-30T06:48:21 IST">
          <reporter-output>
          </reporter-output>
        </test-method> <!-- addCurrency -->
        <test-method status="PASS" signature="logout()[pri:0, instance:tng.framework.TNG_15_TestSuite01@6737fd8f]" name="logout" is-config="true" duration-ms="1" started-at="2020-05-30T06:48:21 IST" finished-at="2020-05-30T06:48:21 IST">
          <reporter-output>
          </reporter-output>
        </test-method> <!-- logout -->
      </class> <!-- tng.framework.TNG_15_TestSuite01 -->
      <class name="tng.framework.TNG_15_Testsuite02">
        <test-method status="PASS" signature="login()[pri:0, instance:tng.framework.TNG_15_Testsuite02@72b6cbcc]" name="login" is-config="true" duration-ms="3" started-at="2020-05-30T06:48:21 IST" finished-at="2020-05-30T06:48:21 IST">
          <reporter-output>
          </reporter-output>
        </test-method> <!-- login -->
        <test-method status="PASS" signature="deleteVendor()[pri:1, instance:tng.framework.TNG_15_Testsuite02@72b6cbcc]" name="deleteVendor" duration-ms="2" started-at="2020-05-30T06:48:21 IST" finished-at="2020-05-30T06:48:21 IST">
          <reporter-output>
          </reporter-output>
        </test-method> <!-- deleteVendor -->
        <test-method status="PASS" signature="deleteProduct()[pri:2, instance:tng.framework.TNG_15_Testsuite02@72b6cbcc]" name="deleteProduct" duration-ms="6" started-at="2020-05-30T06:48:21 IST" finished-at="2020-05-30T06:48:21 IST">
          <reporter-output>
          </reporter-output>
        </test-method> <!-- deleteProduct -->
        <test-method status="PASS" signature="deleteCurrency()[pri:3, instance:tng.framework.TNG_15_Testsuite02@72b6cbcc]" name="deleteCurrency" duration-ms="11" started-at="2020-05-30T06:48:21 IST" finished-at="2020-05-30T06:48:21 IST">
          <reporter-output>
          </reporter-output>
        </test-method> <!-- deleteCurrency -->
        <test-method status="PASS" signature="logout()[pri:0, instance:tng.framework.TNG_15_Testsuite02@72b6cbcc]" name="logout" is-config="true" duration-ms="1" started-at="2020-05-30T06:48:21 IST" finished-at="2020-05-30T06:48:21 IST">
          <reporter-output>
          </reporter-output>
        </test-method> <!-- logout -->
      </class> <!-- tng.framework.TNG_15_Testsuite02 -->
    </test> <!-- Test -->
  </suite> <!-- Suite -->
</testng-results>
