<?xml version="1.0" encoding="UTF-8"?>
<testng-results total="5" passed="5" failed="0" skipped="0">
  <reporter-output>
  </reporter-output>
  <suite started-at="2020-10-13T15:53:42Z" name="Suite" finished-at="2020-10-13T15:53:42Z" duration-ms="40">
    <groups>
    </groups>
    <test started-at="2020-10-13T15:53:42Z" name="Test" finished-at="2020-10-13T15:53:42Z" duration-ms="40">
      <class name="maven.test.MultipleTest">
        <test-method signature="f1()[pri:0, instance:maven.test.MultipleTest@3aefe5e5]" started-at="2020-10-13T21:23:42Z" name="f1" finished-at="2020-10-13T21:23:42Z" duration-ms="2" status="PASS">
          <reporter-output>
          </reporter-output>
        </test-method> <!-- f1 -->
      </class> <!-- maven.test.MultipleTest -->
      <class name="maven.test.DemoTest">
        <test-method signature="testA()[pri:0, instance:maven.test.DemoTest@5223e5ee]" started-at="2020-10-13T21:23:42Z" name="testA" finished-at="2020-10-13T21:23:42Z" duration-ms="10" status="PASS">
          <reporter-output>
          </reporter-output>
        </test-method> <!-- testA -->
        <test-method signature="testC()[pri:0, instance:maven.test.DemoTest@5223e5ee]" started-at="2020-10-13T21:23:42Z" name="testC" finished-at="2020-10-13T21:23:42Z" duration-ms="1" status="PASS">
          <reporter-output>
          </reporter-output>
        </test-method> <!-- testC -->
        <test-method signature="testB()[pri:0, instance:maven.test.DemoTest@5223e5ee]" started-at="2020-10-13T21:23:42Z" name="testB" finished-at="2020-10-13T21:23:42Z" duration-ms="0" status="PASS">
          <reporter-output>
          </reporter-output>
        </test-method> <!-- testB -->
      </class> <!-- maven.test.DemoTest -->
      <class name="maven.test.TestNGTest">
        <test-method signature="f2()[pri:0, instance:maven.test.TestNGTest@78b66d36]" started-at="2020-10-13T21:23:42Z" name="f2" finished-at="2020-10-13T21:23:42Z" duration-ms="1" status="PASS">
          <reporter-output>
          </reporter-output>
        </test-method> <!-- f2 -->
      </class> <!-- maven.test.TestNGTest -->
    </test> <!-- Test -->
  </suite> <!-- Suite -->
</testng-results>
