<?xml version="1.0" encoding="UTF-8"?>
<testng-results total="5" passed="5" failed="0" skipped="0">
  <reporter-output>
  </reporter-output>
  <suite started-at="2020-05-30T13:12:56Z" name="Suite" finished-at="2020-05-30T13:12:56Z" duration-ms="28">
    <groups>
    </groups>
    <test started-at="2020-05-30T13:12:56Z" name="Test" finished-at="2020-05-30T13:12:56Z" duration-ms="28">
      <class name="maven.test.MultipleTest">
        <test-method signature="f1()[pri:0, instance:maven.test.MultipleTest@612fc6eb]" started-at="2020-05-30T18:42:56Z" name="f1" finished-at="2020-05-30T18:42:56Z" duration-ms="0" status="PASS">
          <reporter-output>
          </reporter-output>
        </test-method> <!-- f1 -->
      </class> <!-- maven.test.MultipleTest -->
      <class name="maven.test.DemoTest">
        <test-method signature="testA()[pri:0, instance:maven.test.DemoTest@77ec78b9]" started-at="2020-05-30T18:42:56Z" name="testA" finished-at="2020-05-30T18:42:56Z" duration-ms="13" status="PASS">
          <reporter-output>
          </reporter-output>
        </test-method> <!-- testA -->
        <test-method signature="testB()[pri:0, instance:maven.test.DemoTest@77ec78b9]" started-at="2020-05-30T18:42:56Z" name="testB" finished-at="2020-05-30T18:42:56Z" duration-ms="0" status="PASS">
          <reporter-output>
          </reporter-output>
        </test-method> <!-- testB -->
        <test-method signature="testC()[pri:0, instance:maven.test.DemoTest@77ec78b9]" started-at="2020-05-30T18:42:56Z" name="testC" finished-at="2020-05-30T18:42:56Z" duration-ms="0" status="PASS">
          <reporter-output>
          </reporter-output>
        </test-method> <!-- testC -->
      </class> <!-- maven.test.DemoTest -->
      <class name="maven.test.TestNGTest">
        <test-method signature="f2()[pri:0, instance:maven.test.TestNGTest@1060b431]" started-at="2020-05-30T18:42:56Z" name="f2" finished-at="2020-05-30T18:42:56Z" duration-ms="0" status="PASS">
          <reporter-output>
          </reporter-output>
        </test-method> <!-- f2 -->
      </class> <!-- maven.test.TestNGTest -->
    </test> <!-- Test -->
  </suite> <!-- Suite -->
</testng-results>
