<?xml version="1.0" encoding="UTF-8"?>
<testsuite name="TestSuite" time="0.01" tests="5" errors="0" skipped="0" failures="0">
  <properties>
[...]
</properties>
  <testcase name="testA" classname="maven.test.DemoTest" time="0.01"/>
  <testcase name="testB" classname="maven.test.DemoTest" time="0"/>
  <testcase name="testC" classname="maven.test.DemoTest" time="0"/>
  <testcase name="f1" classname="maven.test.MultipleTest" time="0"/>
  <testcase name="f2" classname="maven.test.TestNGTest" time="0"/>
</testsuite>