<?xml version="1.0" encoding="UTF-8"?>
<!-- Generated by org.testng.reporters.JUnitXMLReporter -->
<testsuite hostname="DESKTOP-N6P94DG" failures="0" tests="5" name="Test" time="0.04" errors="0" timestamp="13 Oct 2020 15:53:42 GMT">
  <testcase classname="maven.test.DemoTest" name="testA" time="0.01"/>
  <testcase classname="maven.test.DemoTest" name="testB" time="0.0"/>
  <testcase classname="maven.test.DemoTest" name="testC" time="0.001"/>
  <testcase classname="maven.test.MultipleTest" name="f1" time="0.002"/>
  <testcase classname="maven.test.TestNGTest" name="f2" time="0.001"/>
</testsuite> <!-- Test -->
