<?xml version="1.0" encoding="UTF-8"?>
<!-- Generated by org.testng.reporters.JUnitXMLReporter -->
<testsuite hostname="MOB700327" failures="0" tests="5" name="Test" time="0.028" errors="0" timestamp="30 May 2020 13:12:56 GMT">
  <testcase classname="maven.test.DemoTest" name="testA" time="0.013"/>
  <testcase classname="maven.test.DemoTest" name="testB" time="0.0"/>
  <testcase classname="maven.test.DemoTest" name="testC" time="0.0"/>
  <testcase classname="maven.test.MultipleTest" name="f1" time="0.0"/>
  <testcase classname="maven.test.TestNGTest" name="f2" time="0.0"/>
</testsuite> <!-- Test -->
