<?xml version="1.0" encoding="UTF-8"?>
<!-- Generated by org.testng.reporters.JUnitXMLReporter -->
<testsuite hostname="MOB700327" ignored="0" name="Test" tests="3" failures="1" timestamp="14 Jun 2020 03:31:10 GMT" time="0.053" errors="0">
  <testcase name="doLogin" time="0.011" classname="testcases.TestCase2"/>
  <testcase name="doUserReg" time="0.003" classname="testcases.TestCase2">
    <failure type="java.lang.AssertionError" message="User Reg Test Failed">
      <![CDATA[java.lang.AssertionError: User Reg Test Failed
at testcases.TestCase2.doUserReg(TestCase2.java:18)
... Removed 26 stack frames]]>
    </failure>
  </testcase> <!-- doUserReg -->
  <testcase name="isSkip" time="0.001" classname="testcases.TestCase2">
    <skipped/>
  </testcase> <!-- isSkip -->
</testsuite> <!-- Test -->
